0 info it worked if it ends with ok
1 verbose cli [ '/usr/local/bin/node',
1 verbose cli   '/usr/local/bin/npm',
1 verbose cli   'install',
1 verbose cli   'babelify',
1 verbose cli   'babilfy-preset-es2015' ]
2 info using npm@2.15.5
3 info using node@v4.4.5
4 verbose install initial load of /Users/nhbean/Development/CIS 580/onetap/package.json
5 verbose installManyTop reading scoped package data from /Users/nhbean/Development/CIS 580/onetap/node_modules/babel-preset-es2015/package.json
6 verbose installManyTop reading scoped package data from /Users/nhbean/Development/CIS 580/onetap/node_modules/babelify/package.json
7 verbose installManyTop reading scoped package data from /Users/nhbean/Development/CIS 580/onetap/node_modules/browserify/package.json
8 verbose installManyTop reading scoped package data from /Users/nhbean/Development/CIS 580/onetap/node_modules/gulp/package.json
9 verbose installManyTop reading scoped package data from /Users/nhbean/Development/CIS 580/onetap/node_modules/gulp-babel/package.json
10 verbose readDependencies loading dependencies from /Users/nhbean/Development/CIS 580/onetap/package.json
11 verbose install babelify is installed as 7.3.0
12 silly cache add args [ 'babelify', null ]
13 verbose cache add spec babelify
14 silly cache add args [ 'babilfy-preset-es2015', null ]
15 verbose cache add spec babilfy-preset-es2015
16 silly cache add parsed spec Result {
16 silly cache add   raw: 'babelify',
16 silly cache add   scope: null,
16 silly cache add   name: 'babelify',
16 silly cache add   rawSpec: '',
16 silly cache add   spec: 'latest',
16 silly cache add   type: 'tag' }
17 silly addNamed babelify@latest
18 verbose addNamed "latest" is being treated as a dist-tag for babelify
19 info addNameTag [ 'babelify', 'latest' ]
20 silly mapToRegistry name babelify
21 silly mapToRegistry using default registry
22 silly mapToRegistry registry https://registry.npmjs.org/
23 silly mapToRegistry data Result {
23 silly mapToRegistry   raw: 'babelify',
23 silly mapToRegistry   scope: null,
23 silly mapToRegistry   name: 'babelify',
23 silly mapToRegistry   rawSpec: '',
23 silly mapToRegistry   spec: 'latest',
23 silly mapToRegistry   type: 'tag' }
24 silly mapToRegistry uri https://registry.npmjs.org/babelify
25 verbose addNameTag registry:https://registry.npmjs.org/babelify not in flight; fetching
26 silly cache add parsed spec Result {
26 silly cache add   raw: 'babilfy-preset-es2015',
26 silly cache add   scope: null,
26 silly cache add   name: 'babilfy-preset-es2015',
26 silly cache add   rawSpec: '',
26 silly cache add   spec: 'latest',
26 silly cache add   type: 'tag' }
27 silly addNamed babilfy-preset-es2015@latest
28 verbose addNamed "latest" is being treated as a dist-tag for babilfy-preset-es2015
29 info addNameTag [ 'babilfy-preset-es2015', 'latest' ]
30 silly mapToRegistry name babilfy-preset-es2015
31 silly mapToRegistry using default registry
32 silly mapToRegistry registry https://registry.npmjs.org/
33 silly mapToRegistry data Result {
33 silly mapToRegistry   raw: 'babilfy-preset-es2015',
33 silly mapToRegistry   scope: null,
33 silly mapToRegistry   name: 'babilfy-preset-es2015',
33 silly mapToRegistry   rawSpec: '',
33 silly mapToRegistry   spec: 'latest',
33 silly mapToRegistry   type: 'tag' }
34 silly mapToRegistry uri https://registry.npmjs.org/babilfy-preset-es2015
35 verbose addNameTag registry:https://registry.npmjs.org/babilfy-preset-es2015 not in flight; fetching
36 verbose request uri https://registry.npmjs.org/babilfy-preset-es2015
37 verbose request no auth needed
38 info attempt registry request try #1 at 1:43:33 PM
39 verbose request id c2cdc7ba86db446d
40 http request GET https://registry.npmjs.org/babilfy-preset-es2015
41 verbose request uri https://registry.npmjs.org/babelify
42 verbose request no auth needed
43 info attempt registry request try #1 at 1:43:33 PM
44 verbose etag "8RTQVPBCCK47XQ8P95FZO747F"
45 http request GET https://registry.npmjs.org/babelify
46 http 404 https://registry.npmjs.org/babilfy-preset-es2015
47 verbose headers { 'content-type': 'application/json',
47 verbose headers   'cache-control': 'max-age=0',
47 verbose headers   'content-length': '2',
47 verbose headers   'accept-ranges': 'bytes',
47 verbose headers   date: 'Wed, 07 Sep 2016 18:43:37 GMT',
47 verbose headers   via: '1.1 varnish',
47 verbose headers   age: '0',
47 verbose headers   connection: 'keep-alive',
47 verbose headers   'x-served-by': 'cache-dfw1839-DFW',
47 verbose headers   'x-cache': 'MISS',
47 verbose headers   'x-cache-hits': '0',
47 verbose headers   'x-timer': 'S1473273817.369395,VS0,VE284',
47 verbose headers   vary: 'Accept-Encoding' }
48 silly get cb [ 404,
48 silly get   { 'content-type': 'application/json',
48 silly get     'cache-control': 'max-age=0',
48 silly get     'content-length': '2',
48 silly get     'accept-ranges': 'bytes',
48 silly get     date: 'Wed, 07 Sep 2016 18:43:37 GMT',
48 silly get     via: '1.1 varnish',
48 silly get     age: '0',
48 silly get     connection: 'keep-alive',
48 silly get     'x-served-by': 'cache-dfw1839-DFW',
48 silly get     'x-cache': 'MISS',
48 silly get     'x-cache-hits': '0',
48 silly get     'x-timer': 'S1473273817.369395,VS0,VE284',
48 silly get     vary: 'Accept-Encoding' } ]
49 http 304 https://registry.npmjs.org/babelify
50 verbose headers { date: 'Wed, 07 Sep 2016 18:43:41 GMT',
50 verbose headers   via: '1.1 varnish',
50 verbose headers   'cache-control': 'max-age=300',
50 verbose headers   etag: '"8RTQVPBCCK47XQ8P95FZO747F"',
50 verbose headers   age: '265',
50 verbose headers   connection: 'keep-alive',
50 verbose headers   'x-served-by': 'cache-dfw1832-DFW',
50 verbose headers   'x-cache': 'HIT',
50 verbose headers   'x-cache-hits': '1',
50 verbose headers   'x-timer': 'S1473273821.843293,VS0,VE0',
50 verbose headers   vary: 'Accept-Encoding' }
51 silly get cb [ 304,
51 silly get   { date: 'Wed, 07 Sep 2016 18:43:41 GMT',
51 silly get     via: '1.1 varnish',
51 silly get     'cache-control': 'max-age=300',
51 silly get     etag: '"8RTQVPBCCK47XQ8P95FZO747F"',
51 silly get     age: '265',
51 silly get     connection: 'keep-alive',
51 silly get     'x-served-by': 'cache-dfw1832-DFW',
51 silly get     'x-cache': 'HIT',
51 silly get     'x-cache-hits': '1',
51 silly get     'x-timer': 'S1473273821.843293,VS0,VE0',
51 silly get     vary: 'Accept-Encoding' } ]
52 verbose etag https://registry.npmjs.org/babelify from cache
53 verbose get saving babelify to /Users/nhbean/.npm/registry.npmjs.org/babelify/.cache.json
54 verbose correctMkdir /Users/nhbean/.npm correctMkdir not in flight; initializing
55 silly addNameTag next cb for babelify with tag latest
56 silly addNamed babelify@7.3.0
57 verbose addNamed "7.3.0" is a plain semver version for babelify
58 silly cache afterAdd babelify@7.3.0
59 verbose afterAdd /Users/nhbean/.npm/babelify/7.3.0/package/package.json not in flight; writing
60 verbose correctMkdir /Users/nhbean/.npm correctMkdir not in flight; initializing
61 verbose afterAdd /Users/nhbean/.npm/babelify/7.3.0/package/package.json written
62 verbose stack Error: Registry returned 404 for GET on https://registry.npmjs.org/babilfy-preset-es2015
62 verbose stack     at makeError (/usr/local/lib/node_modules/npm/node_modules/npm-registry-client/lib/request.js:264:12)
62 verbose stack     at CachingRegistryClient.<anonymous> (/usr/local/lib/node_modules/npm/node_modules/npm-registry-client/lib/request.js:242:14)
62 verbose stack     at Request._callback (/usr/local/lib/node_modules/npm/node_modules/npm-registry-client/lib/request.js:172:14)
62 verbose stack     at Request.self.callback (/usr/local/lib/node_modules/npm/node_modules/request/request.js:200:22)
62 verbose stack     at emitTwo (events.js:87:13)
62 verbose stack     at Request.emit (events.js:172:7)
62 verbose stack     at Request.<anonymous> (/usr/local/lib/node_modules/npm/node_modules/request/request.js:1067:10)
62 verbose stack     at emitOne (events.js:82:20)
62 verbose stack     at Request.emit (events.js:169:7)
62 verbose stack     at IncomingMessage.<anonymous> (/usr/local/lib/node_modules/npm/node_modules/request/request.js:988:12)
63 verbose statusCode 404
64 verbose pkgid babilfy-preset-es2015
65 verbose cwd /Users/nhbean/Development/CIS 580/onetap
66 error Darwin 13.4.0
67 error argv "/usr/local/bin/node" "/usr/local/bin/npm" "install" "babelify" "babilfy-preset-es2015"
68 error node v4.4.5
69 error npm  v2.15.5
70 error code E404
71 error 404 Registry returned 404 for GET on https://registry.npmjs.org/babilfy-preset-es2015
71 error 404
71 error 404 'babilfy-preset-es2015' is not in the npm registry.
71 error 404 You should bug the author to publish it (or use the name yourself!)
71 error 404
71 error 404 Note that you can also install from a
71 error 404 tarball, folder, http url, or git url.
72 verbose exit [ 1, true ]
